('the',) [0.5995575221238938, 'DET']
('_RARE_', '_RARE_') [0.6505938439822767, 'PP']
('does', 'the', '_RARE_', '_RARE_') [0.017934180827911404, 'S']
('What', 'does', 'the', '_RARE_', '_RARE_', '_RARE_') [0.0033595264796113726, 'SBAR']
('_RARE_', '_RARE_', '_RARE_') [0.564989390826714, 'SBAR+S']
('_RARE_', '_RARE_', '?') [0.22887232013622583, 'NP']
('does',) [0.04597701149425287, 'VERB']
('_RARE_', '_RARE_', '_RARE_', '?') [0.19875754117093297, 'SBAR']
('What', 'does', 'the', '_RARE_', '_RARE_') [0.003868545643188854, 'NP+QP']
('_RARE_',) [0.6517467248908297, 'ADJ']
('does', 'the', '_RARE_', '_RARE_', '_RARE_', '?') [0.005478923167258959, 'NP+VERB']
('What', 'does', 'the', '_RARE_') [0.0027998985107968973, 'SBARQ']
('the', '_RARE_', '_RARE_', '_RARE_') [0.33874363919035283, 'VP+VERB']
('?',) [0.8341535433070866, '.']
('_RARE_', '?') [0.01355991122651477, 'NP+S']
('the', '_RARE_') [0.2823159206117364, 'PRON']
('the', '_RARE_', '_RARE_', '_RARE_', '?') [0.11916657888788237, 'NP+ADJ']
('the', '_RARE_', '_RARE_') [0.390068433007073, 'NP+SBAR+S']
('What',) [0.0684931506849315, 'PRON']
('What', 'does', 'the', '_RARE_', '_RARE_', '_RARE_', '?') [0.001181847364618913, 'WHNP+PRON']
('does', 'the', '_RARE_', '_RARE_', '_RARE_') [0.0155744201926599, 'ADJP']
('does', 'the', '_RARE_') [0.012980042326976386, 'WHNP+DET']
